<?xml version="1.0" encoding="utf-8"?><testsuites name="pytest tests"><testsuite name="pytest" errors="0" failures="0" skipped="0" tests="5" time="0.106" timestamp="2025-06-20T20:39:20.455550+09:00" hostname="RTX3070Ti"><testcase classname="tests.test_app.DiaryAppTestCase" name="test_get_diary_empty" time="0.004" /><testcase classname="tests.test_app.DiaryAppTestCase" name="test_get_diary_missing_params" time="0.001" /><testcase classname="tests.test_app.DiaryAppTestCase" name="test_post_and_get_diary" time="0.004" /><testcase classname="tests.test_app.DiaryAppTestCase" name="test_post_invalid_date" time="0.001" /><testcase classname="tests.test_app.DiaryAppTestCase" name="test_post_missing_fields" time="0.001" /></testsuite></testsuites>